Base path: '/Applications/Unity/Hub/Editor/2019.4.5f1/Unity.app/Contents', plugins path '/Applications/Unity/Hub/Editor/2019.4.5f1/PlaybackEngines'
Cmd: initializeCompiler
Cmd: initializeCompiler
Cmd: compileComputeKernel
  api=14 insize=958 outsize=3213 ok=1
Cmd: translateComputeKernel
  api=14 insize=3316 outsize=4125 ok=1
Cmd: compileComputeKernel
  api=14 insize=222 outsize=2515 ok=1
Cmd: translateComputeKernel
  api=14 insize=2455 outsize=2570 ok=1
Cmd: compileComputeKernel
  api=14 insize=759 outsize=2650 ok=1
Cmd: compileComputeKernel
  api=14 insize=759 outsize=2517 ok=1
Cmd: translateComputeKernel
  api=14 insize=1538 outsize=1659 ok=1
Cmd: translateComputeKernel
  api=14 insize=2679 outsize=2723 ok=1
Cmd: compileComputeKernel
  api=14 insize=3405 outsize=36622 ok=1
Cmd: translateComputeKernel
  api=14 insize=27024 outsize=55795 ok=1
Cmd: compileComputeKernel
  api=14 insize=13751 outsize=3991 ok=1
Cmd: compileComputeKernel
  api=14 insize=13751 outsize=3308 ok=1
Cmd: translateComputeKernel
  api=14 insize=3377 outsize=3480 ok=1
Cmd: translateComputeKernel
  api=14 insize=3862 outsize=4494 ok=1
Cmd: compileComputeKernel
  api=14 insize=20570 outsize=19776 ok=1
Cmd: translateComputeKernel
  api=14 insize=19778 outsize=38062 ok=1
Cmd: compileComputeKernel
  api=14 insize=82071 outsize=15479 ok=1
Cmd: compileComputeKernel
  api=14 insize=82071 outsize=5455 ok=1
Cmd: compileComputeKernel
  api=14 insize=82071 outsize=3923 ok=1
Cmd: compileComputeKernel
  api=14 insize=82071 outsize=5560 ok=1
Cmd: compileComputeKernel
  api=14 insize=82071 outsize=5715 ok=1
Cmd: compileComputeKernel
  api=14 insize=82071 outsize=5764 ok=1
Cmd: compileComputeKernel
  api=14 insize=82071 outsize=5455 ok=1
Cmd: compileComputeKernel
  api=14 insize=82071 outsize=5656 ok=1
Cmd: compileComputeKernel
  api=14 insize=82071 outsize=7659 ok=1
Cmd: compileComputeKernel
  api=14 insize=82071 outsize=7253 ok=1
Cmd: compileComputeKernel
  api=14 insize=82071 outsize=5540 ok=1
Cmd: compileComputeKernel
  api=14 insize=82071 outsize=5389 ok=1
Cmd: compileComputeKernel
  api=14 insize=82071 outsize=4294 ok=1
Cmd: compileComputeKernel
  api=14 insize=82071 outsize=3003 ok=1
Cmd: compileComputeKernel
  api=14 insize=82071 outsize=4007 ok=1
Cmd: translateComputeKernel
  api=14 insize=4422 outsize=4597 ok=1
Cmd: translateComputeKernel
  api=14 insize=4368 outsize=4626 ok=1
Cmd: translateComputeKernel
  api=14 insize=4904 outsize=5889 ok=1
Cmd: translateComputeKernel
  api=14 insize=4278 outsize=4302 ok=1
Cmd: translateComputeKernel
  api=14 insize=4250 outsize=4350 ok=1
Cmd: translateComputeKernel
  api=14 insize=4153 outsize=4257 ok=1
Cmd: translateComputeKernel
  api=14 insize=4465 outsize=4911 ok=1
Cmd: translateComputeKernel
  api=14 insize=6121 outsize=8372 ok=1
Cmd: translateComputeKernel
  api=14 insize=6119 outsize=8457 ok=1
Cmd: translateComputeKernel
  api=14 insize=6354 outsize=8861 ok=1
Cmd: translateComputeKernel
  api=14 insize=6163 outsize=8467 ok=1
Cmd: translateComputeKernel
  api=14 insize=6118 outsize=8374 ok=1
Cmd: translateComputeKernel
  api=14 insize=6231 outsize=8621 ok=1
Cmd: translateComputeKernel
  api=14 insize=6121 outsize=8372 ok=1
Cmd: translateComputeKernel
  api=14 insize=4154 outsize=4063 ok=1
Cmd: translateComputeKernel
  api=14 insize=4398 outsize=4930 ok=1
Cmd: translateComputeKernel
  api=14 insize=7815 outsize=12822 ok=1
Cmd: translateComputeKernel
  api=14 insize=7847 outsize=12774 ok=1
Cmd: translateComputeKernel
  api=14 insize=7994 outsize=13102 ok=1
Cmd: translateComputeKernel
  api=14 insize=6175 outsize=8727 ok=1
Cmd: translateComputeKernel
  api=14 insize=6116 outsize=8619 ok=1
Cmd: translateComputeKernel
  api=14 insize=6384 outsize=9038 ok=1
Cmd: translateComputeKernel
  api=14 insize=5469 outsize=8834 ok=1
Cmd: compileComputeKernel
  api=14 insize=11929 outsize=3875 ok=1
Cmd: compileComputeKernel
  api=14 insize=11929 outsize=3876 ok=1
Cmd: translateComputeKernel
  api=14 insize=3943 outsize=6351 ok=1
Cmd: translateComputeKernel
  api=14 insize=3931 outsize=6234 ok=1
Cmd: translateComputeKernel
  api=14 insize=4296 outsize=7982 ok=1
Cmd: compileComputeKernel
  api=14 insize=18478 outsize=19261 ok=1
Cmd: compileComputeKernel
  api=14 insize=76455 outsize=4356 ok=1
Cmd: translateComputeKernel
  api=14 insize=7794 outsize=13901 ok=1
Cmd: compileComputeKernel
  api=14 insize=467 outsize=5164 ok=1
Cmd: compileComputeKernel
  api=14 insize=13363 outsize=12562 ok=1
Cmd: compileComputeKernel
  api=14 insize=958 outsize=3217 ok=1
Cmd: compileComputeKernel
  api=14 insize=958 outsize=3617 ok=1
Cmd: translateComputeKernel
  api=14 insize=3353 outsize=4173 ok=1
Cmd: translateComputeKernel
  api=14 insize=3467 outsize=4380 ok=1
Cmd: translateComputeKernel
  api=14 insize=3646 outsize=5400 ok=1
Cmd: translateComputeKernel
  api=14 insize=16504 outsize=32792 ok=1
Cmd: compileComputeKernel
  api=14 insize=10641 outsize=2510 ok=1
Cmd: compileComputeKernel
  api=14 insize=10641 outsize=2897 ok=1
Cmd: compileComputeKernel
  api=14 insize=10641 outsize=2594 ok=1
Cmd: compileComputeKernel
  api=14 insize=10641 outsize=2622 ok=1
Cmd: compileComputeKernel
  api=14 insize=10641 outsize=2531 ok=1
Cmd: compileComputeKernel
  api=14 insize=10641 outsize=2512 ok=1
Cmd: compileComputeKernel
  api=14 insize=10641 outsize=3061 ok=1
Cmd: compileComputeKernel
  api=14 insize=10641 outsize=3260 ok=1
Cmd: compileComputeKernel
  api=14 insize=10641 outsize=3205 ok=1
Cmd: compileComputeKernel
  api=14 insize=10641 outsize=3051 ok=1
Cmd: compileComputeKernel
  api=14 insize=10641 outsize=3570 ok=1
Cmd: compileComputeKernel
  api=14 insize=10641 outsize=3114 ok=1
Cmd: compileComputeKernel
  api=14 insize=10641 outsize=3568 ok=1
Cmd: compileComputeKernel
  api=14 insize=10641 outsize=3120 ok=1
Cmd: compileComputeKernel
  api=14 insize=10641 outsize=3059 ok=1
Cmd: translateComputeKernel
  api=14 insize=2744 outsize=2659 ok=1
Cmd: translateComputeKernel
  api=14 insize=1687 outsize=1707 ok=1
Cmd: translateComputeKernel
  api=14 insize=2708 outsize=2586 ok=1
Cmd: translateComputeKernel
  api=14 insize=1700 outsize=1745 ok=1
Cmd: translateComputeKernel
  api=14 insize=1482 outsize=1438 ok=1
Cmd: translateComputeKernel
  api=14 insize=1482 outsize=1438 ok=1
Cmd: translateComputeKernel
  api=14 insize=3202 outsize=3792 ok=1
Cmd: translateComputeKernel
  api=14 insize=3398 outsize=4051 ok=1
Cmd: translateComputeKernel
  api=14 insize=3313 outsize=3926 ok=1
Cmd: translateComputeKernel
  api=14 insize=3284 outsize=3711 ok=1
Cmd: translateComputeKernel
  api=14 insize=3289 outsize=3887 ok=1
Cmd: translateComputeKernel
  api=14 insize=3569 outsize=4179 ok=1
Cmd: translateComputeKernel
  api=14 insize=3307 outsize=3949 ok=1
Cmd: translateComputeKernel
  api=14 insize=3237 outsize=3812 ok=1
Cmd: translateComputeKernel
  api=14 insize=3334 outsize=3977 ok=1

Quitting shader compiler process
