Base path: '/Applications/Unity/Hub/Editor/2019.4.5f1/Unity.app/Contents', plugins path '/Applications/Unity/Hub/Editor/2019.4.5f1/PlaybackEngines'
Cmd: initializeCompiler
Cmd: initializeCompiler
Cmd: compileComputeKernel
  api=14 insize=775 outsize=4491 ok=1
Cmd: compileComputeKernel
  api=14 insize=958 outsize=3213 ok=1
Cmd: compileComputeKernel
  api=14 insize=958 outsize=3359 ok=1
Cmd: translateComputeKernel
  api=14 insize=3353 outsize=4173 ok=1
Cmd: compileComputeKernel
  api=14 insize=2847 outsize=4634 ok=1
Cmd: compileComputeKernel
  api=14 insize=222 outsize=2414 ok=1
Cmd: compileComputeKernel
  api=14 insize=759 outsize=2422 ok=1
Cmd: compileComputeKernel
  api=14 insize=759 outsize=2974 ok=1
Cmd: translateComputeKernel
  api=14 insize=2643 outsize=2665 ok=1
Cmd: translateComputeKernel
  api=14 insize=2714 outsize=2785 ok=1
Cmd: compileComputeKernel
  api=14 insize=3405 outsize=35881 ok=1
Cmd: translateComputeKernel
  api=14 insize=36656 outsize=71843 ok=1
Cmd: compileComputeKernel
  api=14 insize=13751 outsize=3976 ok=1
Cmd: compileComputeKernel
  api=14 insize=13751 outsize=4162 ok=1
Cmd: translateComputeKernel
  api=14 insize=4173 outsize=4846 ok=1
Cmd: translateComputeKernel
  api=14 insize=4530 outsize=6079 ok=1
Cmd: translateComputeKernel
  api=14 insize=39733 outsize=75625 ok=1
Cmd: compileComputeKernel
  api=14 insize=82071 outsize=15299 ok=1
Cmd: compileComputeKernel
  api=14 insize=82071 outsize=5455 ok=1
Cmd: compileComputeKernel
  api=14 insize=82071 outsize=3923 ok=1
Cmd: compileComputeKernel
  api=14 insize=82071 outsize=5551 ok=1
Cmd: compileComputeKernel
  api=14 insize=82071 outsize=5479 ok=1
Cmd: compileComputeKernel
  api=14 insize=82071 outsize=5796 ok=1
Cmd: compileComputeKernel
  api=14 insize=82071 outsize=5455 ok=1
Cmd: compileComputeKernel
  api=14 insize=82071 outsize=3660 ok=1
Cmd: compileComputeKernel
  api=14 insize=82071 outsize=7219 ok=1
Cmd: compileComputeKernel
  api=14 insize=82071 outsize=7256 ok=1
Cmd: compileComputeKernel
  api=14 insize=82071 outsize=7398 ok=1
Cmd: compileComputeKernel
  api=14 insize=82071 outsize=5509 ok=1
Cmd: compileComputeKernel
  api=14 insize=82071 outsize=3529 ok=1
Cmd: compileComputeKernel
  api=14 insize=82071 outsize=5841 ok=1
Cmd: compileComputeKernel
  api=14 insize=82071 outsize=3438 ok=1
Cmd: translateComputeKernel
  api=14 insize=6554 outsize=10096 ok=1
Cmd: translateComputeKernel
  api=14 insize=6569 outsize=9267 ok=1
Cmd: translateComputeKernel
  api=14 insize=6121 outsize=8370 ok=1
Cmd: translateComputeKernel
  api=14 insize=6203 outsize=8636 ok=1
Cmd: translateComputeKernel
  api=14 insize=6155 outsize=8434 ok=1
Cmd: translateComputeKernel
  api=14 insize=6145 outsize=8431 ok=1
Cmd: translateComputeKernel
  api=14 insize=6430 outsize=9039 ok=1
Cmd: translateComputeKernel
  api=14 insize=6235 outsize=8694 ok=1
Cmd: translateComputeKernel
  api=14 insize=6218 outsize=8681 ok=1
Cmd: translateComputeKernel
  api=14 insize=7180 outsize=11589 ok=1
Cmd: translateComputeKernel
  api=14 insize=7815 outsize=12716 ok=1
Cmd: translateComputeKernel
  api=14 insize=7845 outsize=12773 ok=1
Cmd: translateComputeKernel
  api=14 insize=9314 outsize=16146 ok=1
Cmd: translateComputeKernel
  api=14 insize=4239 outsize=4216 ok=1
Cmd: translateComputeKernel
  api=14 insize=6378 outsize=8896 ok=1
Cmd: compileComputeKernel
  api=14 insize=467 outsize=5315 ok=1
Cmd: compileComputeKernel
  api=14 insize=11929 outsize=3810 ok=1
Cmd: compileComputeKernel
  api=14 insize=11929 outsize=3863 ok=1
Cmd: compileComputeKernel
  api=14 insize=11929 outsize=4296 ok=1
Cmd: translateComputeKernel
  api=14 insize=3878 outsize=6149 ok=1
Cmd: translateComputeKernel
  api=14 insize=3944 outsize=6268 ok=1
Cmd: compileComputeKernel
  api=14 insize=4458 outsize=5864 ok=1
Cmd: compileComputeKernel
  api=14 insize=18478 outsize=38832 ok=1
Cmd: compileComputeKernel
  api=14 insize=76455 outsize=9908 ok=1
Cmd: translateComputeKernel
  api=14 insize=14337 outsize=27388 ok=1
Cmd: compileComputeKernel
  api=14 insize=467 outsize=7861 ok=1
Cmd: translateComputeKernel
  api=14 insize=4367 outsize=5984 ok=1
Cmd: compileComputeKernel
  api=14 insize=13363 outsize=12482 ok=1
Cmd: translateComputeKernel
  api=14 insize=11929 outsize=22408 ok=1
Cmd: compileComputeKernel
  api=14 insize=958 outsize=3653 ok=1
Cmd: translateComputeKernel
  api=14 insize=3348 outsize=4167 ok=1
Cmd: compileComputeKernel
  api=14 insize=3167 outsize=3171 ok=1
Cmd: translateComputeKernel
  api=14 insize=2296 outsize=2458 ok=1
Cmd: translateComputeKernel
  api=14 insize=9580 outsize=18582 ok=1
Cmd: compileComputeKernel
  api=14 insize=10641 outsize=1151 ok=1
Cmd: compileComputeKernel
  api=14 insize=10641 outsize=2677 ok=1
Cmd: compileComputeKernel
  api=14 insize=10641 outsize=2441 ok=1
Cmd: compileComputeKernel
  api=14 insize=10641 outsize=2597 ok=1
Cmd: compileComputeKernel
  api=14 insize=10641 outsize=1375 ok=1
Cmd: compileComputeKernel
  api=14 insize=10641 outsize=2417 ok=1
Cmd: compileComputeKernel
  api=14 insize=10641 outsize=3009 ok=1
Cmd: compileComputeKernel
  api=14 insize=10641 outsize=3287 ok=1
Cmd: compileComputeKernel
  api=14 insize=10641 outsize=3069 ok=1
Cmd: compileComputeKernel
  api=14 insize=10641 outsize=3036 ok=1
Cmd: compileComputeKernel
  api=14 insize=10641 outsize=3001 ok=1
Cmd: compileComputeKernel
  api=14 insize=10641 outsize=3104 ok=1
Cmd: compileComputeKernel
  api=14 insize=10641 outsize=3345 ok=1
Cmd: compileComputeKernel
  api=14 insize=10641 outsize=3141 ok=1
Cmd: compileComputeKernel
  api=14 insize=10641 outsize=3027 ok=1
Cmd: translateComputeKernel
  api=14 insize=1482 outsize=1438 ok=1
Cmd: translateComputeKernel
  api=14 insize=1476 outsize=1442 ok=1
Cmd: translateComputeKernel
  api=14 insize=2892 outsize=2899 ok=1
Cmd: translateComputeKernel
  api=14 insize=1553 outsize=1562 ok=1
Cmd: translateComputeKernel
  api=14 insize=3025 outsize=3060 ok=1
Cmd: translateComputeKernel
  api=14 insize=2798 outsize=2701 ok=1
Cmd: translateComputeKernel
  api=14 insize=1546 outsize=1598 ok=1
Cmd: translateComputeKernel
  api=14 insize=3835 outsize=4873 ok=1
Cmd: translateComputeKernel
  api=14 insize=3319 outsize=3933 ok=1
Cmd: translateComputeKernel
  api=14 insize=3302 outsize=3748 ok=1
Cmd: translateComputeKernel
  api=14 insize=3221 outsize=3824 ok=1
Cmd: translateComputeKernel
  api=14 insize=3731 outsize=4539 ok=1
Cmd: translateComputeKernel
  api=14 insize=3370 outsize=3849 ok=1
Cmd: translateComputeKernel
  api=14 insize=3311 outsize=3939 ok=1
Cmd: translateComputeKernel
  api=14 insize=3197 outsize=3786 ok=1
Cmd: compileComputeKernel
  api=14 insize=4442 outsize=3018 ok=1
Cmd: translateComputeKernel
  api=14 insize=3232 outsize=4343 ok=1

Quitting shader compiler process
