Base path: '/Applications/Unity/Hub/Editor/2019.4.5f1/Unity.app/Contents', plugins path '/Applications/Unity/Hub/Editor/2019.4.5f1/PlaybackEngines'
Cmd: initializeCompiler
Cmd: initializeCompiler
Cmd: compileComputeKernel
  api=14 insize=775 outsize=6092 ok=1
Cmd: compileComputeKernel
  api=14 insize=958 outsize=3653 ok=1
Cmd: translateComputeKernel
  api=14 insize=3316 outsize=4125 ok=1
Cmd: translateComputeKernel
  api=14 insize=2515 outsize=2681 ok=1
Cmd: compileComputeKernel
  api=14 insize=759 outsize=2594 ok=1
Cmd: compileComputeKernel
  api=14 insize=759 outsize=2584 ok=1
Cmd: translateComputeKernel
  api=14 insize=2612 outsize=2588 ok=1
Cmd: translateComputeKernel
  api=14 insize=1524 outsize=1662 ok=1
Cmd: compileComputeKernel
  api=14 insize=3405 outsize=26561 ok=1
Cmd: translateComputeKernel
  api=14 insize=26595 outsize=54747 ok=1
Cmd: compileComputeKernel
  api=14 insize=13751 outsize=3174 ok=1
Cmd: compileComputeKernel
  api=14 insize=13751 outsize=5058 ok=1
Cmd: translateComputeKernel
  api=14 insize=3908 outsize=4504 ok=1
Cmd: translateComputeKernel
  api=14 insize=4193 outsize=5616 ok=1
Cmd: translateComputeKernel
  api=14 insize=19810 outsize=38133 ok=1
Cmd: compileComputeKernel
  api=14 insize=82071 outsize=5063 ok=1
Cmd: compileComputeKernel
  api=14 insize=82071 outsize=4267 ok=1
Cmd: compileComputeKernel
  api=14 insize=82071 outsize=4562 ok=1
Cmd: compileComputeKernel
  api=14 insize=82071 outsize=4321 ok=1
Cmd: compileComputeKernel
  api=14 insize=82071 outsize=6166 ok=1
Cmd: compileComputeKernel
  api=14 insize=82071 outsize=5453 ok=1
Cmd: compileComputeKernel
  api=14 insize=82071 outsize=5551 ok=1
Cmd: compileComputeKernel
  api=14 insize=82071 outsize=5479 ok=1
Cmd: compileComputeKernel
  api=14 insize=82071 outsize=5565 ok=1
Cmd: compileComputeKernel
  api=14 insize=82071 outsize=5552 ok=1
Cmd: compileComputeKernel
  api=14 insize=82071 outsize=7219 ok=1
Cmd: compileComputeKernel
  api=14 insize=82071 outsize=7219 ok=1
Cmd: compileComputeKernel
  api=14 insize=82071 outsize=7249 ok=1
Cmd: compileComputeKernel
  api=14 insize=82071 outsize=8788 ok=1
Cmd: compileComputeKernel
  api=14 insize=82071 outsize=3674 ok=1
Cmd: compileComputeKernel
  api=14 insize=82071 outsize=3942 ok=1
Cmd: compileComputeKernel
  api=14 insize=82071 outsize=4346 ok=1
Cmd: translateComputeKernel
  api=14 insize=15870 outsize=28658 ok=1
Cmd: translateComputeKernel
  api=14 insize=8255 outsize=13770 ok=1
Cmd: translateComputeKernel
  api=14 insize=7844 outsize=12881 ok=1
Cmd: translateComputeKernel
  api=14 insize=6160 outsize=8523 ok=1
Cmd: translateComputeKernel
  api=14 insize=6055 outsize=8482 ok=1
Cmd: translateComputeKernel
  api=14 insize=4874 outsize=5549 ok=1
Cmd: translateComputeKernel
  api=14 insize=10245 outsize=19579 ok=1
Cmd: compileComputeKernel
  api=14 insize=467 outsize=7857 ok=1
Cmd: translateComputeKernel
  api=14 insize=4347 outsize=6017 ok=1
Cmd: compileComputeKernel
  api=14 insize=11929 outsize=4320 ok=1
Cmd: translateComputeKernel
  api=14 insize=3878 outsize=6229 ok=1
Cmd: translateComputeKernel
  api=14 insize=4348 outsize=8109 ok=1
Cmd: translateComputeKernel
  api=14 insize=6133 outsize=8644 ok=1
Cmd: translateComputeKernel
  api=14 insize=19261 outsize=37286 ok=1
Cmd: compileComputeKernel
  api=14 insize=467 outsize=5171 ok=1
Cmd: compileComputeKernel
  api=14 insize=13363 outsize=5423 ok=1
Cmd: translateComputeKernel
  api=14 insize=12482 outsize=23564 ok=1
Cmd: compileComputeKernel
  api=14 insize=958 outsize=3250 ok=1
Cmd: compileComputeKernel
  api=14 insize=958 outsize=3364 ok=1
Cmd: translateComputeKernel
  api=14 insize=3345 outsize=4164 ok=1
Cmd: compileComputeKernel
  api=14 insize=3167 outsize=3546 ok=1
Cmd: compileComputeKernel
  error: 1 plat 14 at Conv2d.cginc(756): signed/unsigned mismatch, unsigned assumed
  api=14 insize=776 outsize=11509 ok=1
Cmd: compileComputeKernel
  api=14 insize=10641 outsize=2417 ok=1
Cmd: compileComputeKernel
  api=14 insize=10641 outsize=1362 ok=1
Cmd: compileComputeKernel
  api=14 insize=10641 outsize=2499 ok=1
Cmd: compileComputeKernel
  api=14 insize=10641 outsize=2527 ok=1
Cmd: compileComputeKernel
  api=14 insize=10641 outsize=2958 ok=1
Cmd: compileComputeKernel
  api=14 insize=10641 outsize=2449 ok=1
Cmd: compileComputeKernel
  api=14 insize=10641 outsize=3038 ok=1
Cmd: compileComputeKernel
  api=14 insize=10641 outsize=3197 ok=1
Cmd: compileComputeKernel
  api=14 insize=10641 outsize=3080 ok=1
Cmd: compileComputeKernel
  api=14 insize=10641 outsize=3051 ok=1
Cmd: compileComputeKernel
  api=14 insize=10641 outsize=3109 ok=1
Cmd: compileComputeKernel
  api=14 insize=10641 outsize=3273 ok=1
Cmd: compileComputeKernel
  api=14 insize=10641 outsize=3137 ok=1
Cmd: compileComputeKernel
  api=14 insize=10641 outsize=3004 ok=1
Cmd: compileComputeKernel
  api=14 insize=10641 outsize=3124 ok=1
Cmd: translateComputeKernel
  api=14 insize=1482 outsize=1434 ok=1
Cmd: translateComputeKernel
  api=14 insize=2885 outsize=2813 ok=1
Cmd: translateComputeKernel
  api=14 insize=1530 outsize=1514 ok=1
Cmd: translateComputeKernel
  api=14 insize=2993 outsize=3021 ok=1
Cmd: translateComputeKernel
  api=14 insize=3225 outsize=3305 ok=1
Cmd: translateComputeKernel
  api=14 insize=2684 outsize=2548 ok=1
Cmd: translateComputeKernel
  api=14 insize=3265 outsize=3676 ok=1
Cmd: translateComputeKernel
  api=14 insize=3461 outsize=3963 ok=1
Cmd: translateComputeKernel
  api=14 insize=3279 outsize=3907 ok=1
Cmd: translateComputeKernel
  api=14 insize=3385 outsize=4032 ok=1
Cmd: translateComputeKernel
  api=14 insize=3284 outsize=3712 ok=1
Cmd: translateComputeKernel
  api=14 insize=3731 outsize=4539 ok=1
Cmd: translateComputeKernel
  api=14 insize=3601 outsize=4222 ok=1
Cmd: translateComputeKernel
  api=14 insize=3374 outsize=3839 ok=1
Cmd: translateComputeKernel
  api=14 insize=3260 outsize=3670 ok=1
Cmd: compileComputeKernel
  api=14 insize=4442 outsize=2873 ok=1
Cmd: translateComputeKernel
  api=14 insize=3232 outsize=4370 ok=1

Quitting shader compiler process
